{"contracts/Paystaff.sol":{"l":{"43":10,"44":10,"48":3,"49":0,"51":3,"55":2,"56":0,"58":2,"62":6,"72":6,"73":1,"76":5,"84":5,"85":5,"86":5,"87":5,"88":5,"90":5,"99":1,"100":1,"101":1,"103":1,"114":2,"116":2,"117":1,"120":1,"121":0,"124":1,"125":1,"135":0,"136":0,"140":0,"145":0,"147":0,"148":0,"149":0,"153":0,"154":0,"156":0,"157":0,"158":0,"159":0,"163":0,"168":0,"170":0,"171":0,"172":0,"176":0,"177":0,"179":0,"180":0,"181":0,"182":0,"186":0,"190":0,"191":0,"192":0,"193":0,"196":0,"202":0,"203":0,"207":1,"211":1,"215":1},"path":"/home/tony/Documents/web3Bridge/khemmy_class/02_task/Web3bridge-Web3-Cohort-XIII/onsite-program/submissions/week-4/day-6/Anthony_Chinaemerem/contracts/Paystaff.sol","s":{"1":10,"2":3,"3":2,"4":6,"5":5,"6":5,"7":5,"8":1,"9":1,"10":2,"11":2,"12":1,"13":1,"14":1,"15":0,"16":0,"17":0,"18":0,"19":0,"20":0,"21":0,"22":0,"23":0,"24":0,"25":0,"26":0,"27":0,"28":0,"29":0,"30":0,"31":0,"32":0,"33":0,"34":0,"35":0,"36":0,"37":0,"38":0,"39":0,"40":1,"41":1,"42":1},"b":{"1":[10,0],"2":[0,3],"3":[0,2],"4":[6,0],"5":[1,5],"6":[1,0],"7":[1,0],"8":[2,0],"9":[2,0],"10":[1,1],"11":[0,1],"12":[0,0],"13":[0,0],"14":[0,0],"15":[0,0],"16":[0,0],"17":[0,0],"18":[3,0],"19":[0,0],"20":[0,0]},"f":{"1":10,"2":3,"3":2,"4":6,"5":6,"6":1,"7":2,"8":0,"9":0,"10":0,"11":0,"12":0,"13":3,"14":0,"15":1,"16":1,"17":1,"18":0},"fnMap":{"1":{"name":"onlyOwner","line":42,"loc":{"start":{"line":42,"column":4},"end":{"line":45,"column":4}}},"2":{"name":"employeeExists","line":47,"loc":{"start":{"line":47,"column":4},"end":{"line":52,"column":4}}},"3":{"name":"employeeActive","line":54,"loc":{"start":{"line":54,"column":4},"end":{"line":59,"column":4}}},"4":{"name":"constructor","line":61,"loc":{"start":{"line":61,"column":4},"end":{"line":63,"column":4}}},"5":{"name":"registerEmployee","line":71,"loc":{"start":{"line":66,"column":4},"end":{"line":91,"column":4}}},"6":{"name":"updateEmployeeStatus","line":97,"loc":{"start":{"line":94,"column":4},"end":{"line":104,"column":4}}},"7":{"name":"disburseSalary","line":112,"loc":{"start":{"line":107,"column":4},"end":{"line":126,"column":4}}},"8":{"name":"getEmployeeDetails","line":132,"loc":{"start":{"line":128,"column":4},"end":{"line":137,"column":4}}},"9":{"name":"getAllEmployees","line":139,"loc":{"start":{"line":139,"column":4},"end":{"line":141,"column":4}}},"10":{"name":"getEmployeesByRole","line":144,"loc":{"start":{"line":144,"column":4},"end":{"line":164,"column":4}}},"11":{"name":"getEmployeesByStatus","line":167,"loc":{"start":{"line":167,"column":4},"end":{"line":187,"column":4}}},"12":{"name":"getActiveEmployeesCount","line":189,"loc":{"start":{"line":189,"column":4},"end":{"line":197,"column":4}}},"13":{"name":"fundContract","line":199,"loc":{"start":{"line":199,"column":4},"end":{"line":199,"column":56}}},"14":{"name":"withdrawFunds","line":201,"loc":{"start":{"line":201,"column":4},"end":{"line":204,"column":4}}},"15":{"name":"getContractBalance","line":206,"loc":{"start":{"line":206,"column":4},"end":{"line":208,"column":4}}},"16":{"name":"checkEmployeeRegistration","line":210,"loc":{"start":{"line":210,"column":4},"end":{"line":212,"column":4}}},"17":{"name":"getEmployeeCount","line":214,"loc":{"start":{"line":214,"column":4},"end":{"line":216,"column":4}}},"18":{"name":null,"line":219,"loc":{"start":{"line":219,"column":4},"end":{"line":219,"column":33}}}},"statementMap":{"1":{"start":{"line":43,"column":8},"end":{"line":43,"column":73}},"2":{"start":{"line":48,"column":8},"end":{"line":48,"column":1621}},"3":{"start":{"line":55,"column":8},"end":{"line":55,"column":1786}},"4":{"start":{"line":72,"column":8},"end":{"line":72,"column":2143}},"5":{"start":{"line":76,"column":8},"end":{"line":76,"column":2252}},"6":{"start":{"line":84,"column":8},"end":{"line":84,"column":34}},"7":{"start":{"line":90,"column":8},"end":{"line":90,"column":65}},"8":{"start":{"line":99,"column":8},"end":{"line":99,"column":60}},"9":{"start":{"line":103,"column":8},"end":{"line":103,"column":68}},"10":{"start":{"line":114,"column":8},"end":{"line":114,"column":56}},"11":{"start":{"line":116,"column":8},"end":{"line":116,"column":3431}},"12":{"start":{"line":120,"column":8},"end":{"line":120,"column":3545}},"13":{"start":{"line":124,"column":8},"end":{"line":124,"column":34}},"14":{"start":{"line":125,"column":8},"end":{"line":125,"column":65}},"15":{"start":{"line":135,"column":8},"end":{"line":135,"column":56}},"16":{"start":{"line":136,"column":8},"end":{"line":136,"column":73}},"17":{"start":{"line":140,"column":8},"end":{"line":140,"column":24}},"18":{"start":{"line":145,"column":8},"end":{"line":145,"column":25}},"19":{"start":{"line":147,"column":8},"end":{"line":147,"column":4388}},"20":{"start":{"line":148,"column":12},"end":{"line":148,"column":4453}},"21":{"start":{"line":153,"column":8},"end":{"line":153,"column":63}},"22":{"start":{"line":154,"column":8},"end":{"line":154,"column":25}},"23":{"start":{"line":156,"column":8},"end":{"line":156,"column":4642}},"24":{"start":{"line":157,"column":12},"end":{"line":157,"column":4707}},"25":{"start":{"line":163,"column":8},"end":{"line":163,"column":28}},"26":{"start":{"line":168,"column":8},"end":{"line":168,"column":25}},"27":{"start":{"line":170,"column":8},"end":{"line":170,"column":5016}},"28":{"start":{"line":171,"column":12},"end":{"line":171,"column":5081}},"29":{"start":{"line":176,"column":8},"end":{"line":176,"column":65}},"30":{"start":{"line":177,"column":8},"end":{"line":177,"column":25}},"31":{"start":{"line":179,"column":8},"end":{"line":179,"column":5276}},"32":{"start":{"line":180,"column":12},"end":{"line":180,"column":5341}},"33":{"start":{"line":186,"column":8},"end":{"line":186,"column":30}},"34":{"start":{"line":190,"column":8},"end":{"line":190,"column":25}},"35":{"start":{"line":191,"column":8},"end":{"line":191,"column":5627}},"36":{"start":{"line":192,"column":12},"end":{"line":192,"column":5692}},"37":{"start":{"line":196,"column":8},"end":{"line":196,"column":20}},"38":{"start":{"line":202,"column":8},"end":{"line":202,"column":81}},"39":{"start":{"line":203,"column":8},"end":{"line":203,"column":39}},"40":{"start":{"line":207,"column":8},"end":{"line":207,"column":36}},"41":{"start":{"line":211,"column":8},"end":{"line":211,"column":38}},"42":{"start":{"line":215,"column":8},"end":{"line":215,"column":29}}},"branchMap":{"1":{"line":43,"type":"if","locations":[{"start":{"line":43,"column":8},"end":{"line":43,"column":8}},{"start":{"line":43,"column":8},"end":{"line":43,"column":8}}]},"2":{"line":48,"type":"if","locations":[{"start":{"line":48,"column":8},"end":{"line":48,"column":8}},{"start":{"line":48,"column":8},"end":{"line":48,"column":8}}]},"3":{"line":55,"type":"if","locations":[{"start":{"line":55,"column":8},"end":{"line":55,"column":8}},{"start":{"line":55,"column":8},"end":{"line":55,"column":8}}]},"4":{"line":71,"type":"if","locations":[{"start":{"line":71,"column":15},"end":{"line":71,"column":15}},{"start":{"line":71,"column":15},"end":{"line":71,"column":15}}]},"5":{"line":72,"type":"if","locations":[{"start":{"line":72,"column":8},"end":{"line":72,"column":8}},{"start":{"line":72,"column":8},"end":{"line":72,"column":8}}]},"6":{"line":96,"type":"if","locations":[{"start":{"line":96,"column":8},"end":{"line":96,"column":8}},{"start":{"line":96,"column":8},"end":{"line":96,"column":8}}]},"7":{"line":97,"type":"if","locations":[{"start":{"line":97,"column":8},"end":{"line":97,"column":8}},{"start":{"line":97,"column":8},"end":{"line":97,"column":8}}]},"8":{"line":111,"type":"if","locations":[{"start":{"line":111,"column":8},"end":{"line":111,"column":8}},{"start":{"line":111,"column":8},"end":{"line":111,"column":8}}]},"9":{"line":112,"type":"if","locations":[{"start":{"line":112,"column":8},"end":{"line":112,"column":8}},{"start":{"line":112,"column":8},"end":{"line":112,"column":8}}]},"10":{"line":116,"type":"if","locations":[{"start":{"line":116,"column":8},"end":{"line":116,"column":8}},{"start":{"line":116,"column":8},"end":{"line":116,"column":8}}]},"11":{"line":120,"type":"if","locations":[{"start":{"line":120,"column":8},"end":{"line":120,"column":8}},{"start":{"line":120,"column":8},"end":{"line":120,"column":8}}]},"12":{"line":132,"type":"if","locations":[{"start":{"line":132,"column":8},"end":{"line":132,"column":8}},{"start":{"line":132,"column":8},"end":{"line":132,"column":8}}]},"13":{"line":148,"type":"if","locations":[{"start":{"line":148,"column":12},"end":{"line":148,"column":12}},{"start":{"line":148,"column":12},"end":{"line":148,"column":12}}]},"14":{"line":157,"type":"if","locations":[{"start":{"line":157,"column":12},"end":{"line":157,"column":12}},{"start":{"line":157,"column":12},"end":{"line":157,"column":12}}]},"15":{"line":171,"type":"if","locations":[{"start":{"line":171,"column":12},"end":{"line":171,"column":12}},{"start":{"line":171,"column":12},"end":{"line":171,"column":12}}]},"16":{"line":180,"type":"if","locations":[{"start":{"line":180,"column":12},"end":{"line":180,"column":12}},{"start":{"line":180,"column":12},"end":{"line":180,"column":12}}]},"17":{"line":192,"type":"if","locations":[{"start":{"line":192,"column":12},"end":{"line":192,"column":12}},{"start":{"line":192,"column":12},"end":{"line":192,"column":12}}]},"18":{"line":199,"type":"if","locations":[{"start":{"line":199,"column":45},"end":{"line":199,"column":45}},{"start":{"line":199,"column":45},"end":{"line":199,"column":45}}]},"19":{"line":201,"type":"if","locations":[{"start":{"line":201,"column":53},"end":{"line":201,"column":53}},{"start":{"line":201,"column":53},"end":{"line":201,"column":53}}]},"20":{"line":202,"type":"if","locations":[{"start":{"line":202,"column":8},"end":{"line":202,"column":8}},{"start":{"line":202,"column":8},"end":{"line":202,"column":8}}]}}}}